  SSF fit log from 2022-01-07 11:21:44

  comment: Writing SSF log

working on row 1
id = 1004001078;  date = 2016-06-10
 row in dataframe = 1
 formula = case_ ~ ndvi_end + vis_end +ndvi_end:vis_end + vis_start:vis_end +strata(step_id_)
 start time: 2022-01-07 11:21:44
SUCCESS at time: 2022-01-07 11:21:44
---

working on row 2
id = 1004001079;  date = 2016-06-09
 row in dataframe = 2
 formula = case_ ~ ndvi_end + vis_end +ndvi_end:vis_end + vis_start:vis_end +strata(step_id_)
 start time: 2022-01-07 11:21:44
SUCCESS at time: 2022-01-07 11:21:45
---

working on row 3
id = 1004001172;  date = 2016-06-30
 row in dataframe = 3
 formula = case_ ~ ndvi_end + vis_end +ndvi_end:vis_end + vis_start:vis_end +strata(step_id_)
 start time: 2022-01-07 11:21:45
SUCCESS at time: 2022-01-07 11:21:45
---

working on row 4
id = 1004001172;  date = 2016-07-05
 row in dataframe = 4
 formula = case_ ~ ndvi_end + vis_end +ndvi_end:vis_end + vis_start:vis_end +strata(step_id_)
 start time: 2022-01-07 11:21:45
SUCCESS at time: 2022-01-07 11:21:45
---

working on row 5
id = 1004001177;  date = 2016-07-01
 row in dataframe = 5
 formula = case_ ~ ndvi_end + vis_end +ndvi_end:vis_end + vis_start:vis_end +strata(step_id_)
 start time: 2022-01-07 11:21:45
SUCCESS at time: 2022-01-07 11:21:46
---

working on row 6
id = 1004001177;  date = 2016-07-05
 row in dataframe = 6
 formula = case_ ~ ndvi_end + vis_end +ndvi_end:vis_end + vis_start:vis_end +strata(step_id_)
 start time: 2022-01-07 11:21:46
SUCCESS at time: 2022-01-07 11:21:46
---

working on row 7
id = 1004001180;  date = 2016-07-05
 row in dataframe = 7
 formula = case_ ~ ndvi_end + vis_end +ndvi_end:vis_end + vis_start:vis_end +strata(step_id_)
 start time: 2022-01-07 11:21:46
SUCCESS at time: 2022-01-07 11:21:46
---

working on row 8
id = 1004001214;  date = 2016-07-08
 row in dataframe = 8
 formula = case_ ~ ndvi_end + vis_end +ndvi_end:vis_end + vis_start:vis_end +strata(step_id_)
 start time: 2022-01-07 11:21:46
SUCCESS at time: 2022-01-07 11:21:46
---

working on row 9
id = 1004001214;  date = 2016-07-09
 row in dataframe = 9
 formula = case_ ~ ndvi_end + vis_end +ndvi_end:vis_end + vis_start:vis_end +strata(step_id_)
 start time: 2022-01-07 11:21:46
SUCCESS at time: 2022-01-07 11:21:47
---

working on row 10
id = 1004001243;  date = 2016-07-14
 row in dataframe = 10
 formula = case_ ~ ndvi_end + vis_end +ndvi_end:vis_end + vis_start:vis_end +strata(step_id_)
 start time: 2022-01-07 11:21:47
SUCCESS at time: 2022-01-07 11:21:47
---

working on row 11
id = 1004001243;  date = 2016-07-16
 row in dataframe = 11
 formula = case_ ~ ndvi_end + vis_end +ndvi_end:vis_end + vis_start:vis_end +strata(step_id_)
 start time: 2022-01-07 11:21:47
SUCCESS at time: 2022-01-07 11:21:47
---

working on row 12
id = 1004001246;  date = 2016-07-12
 row in dataframe = 12
 formula = case_ ~ ndvi_end + vis_end +ndvi_end:vis_end + vis_start:vis_end +strata(step_id_)
 start time: 2022-01-07 11:21:47
SUCCESS at time: 2022-01-07 11:21:47
---

working on row 13
id = 1004001246;  date = 2016-07-13
 row in dataframe = 13
 formula = case_ ~ ndvi_end + vis_end +ndvi_end:vis_end + vis_start:vis_end +strata(step_id_)
 start time: 2022-01-07 11:21:47
SUCCESS at time: 2022-01-07 11:21:48
---

working on row 14
id = 1004001250;  date = 2016-07-12
 row in dataframe = 14
 formula = case_ ~ ndvi_end + vis_end +ndvi_end:vis_end + vis_start:vis_end +strata(step_id_)
 start time: 2022-01-07 11:21:48
SUCCESS at time: 2022-01-07 11:21:48
---

working on row 15
id = 1004001250;  date = 2016-07-13
 row in dataframe = 15
 formula = case_ ~ ndvi_end + vis_end +ndvi_end:vis_end + vis_start:vis_end +strata(step_id_)
 start time: 2022-01-07 11:21:48
SUCCESS at time: 2022-01-07 11:21:48
---

working on row 16
id = 1004001250;  date = 2016-07-14
 row in dataframe = 16
 formula = case_ ~ ndvi_end + vis_end +ndvi_end:vis_end + vis_start:vis_end +strata(step_id_)
 start time: 2022-01-07 11:21:48
SUCCESS at time: 2022-01-07 11:21:49
---

working on row 17
id = 1004001254;  date = 2016-07-12
 row in dataframe = 17
 formula = case_ ~ ndvi_end + vis_end +ndvi_end:vis_end + vis_start:vis_end +strata(step_id_)
 start time: 2022-01-07 11:21:49
SUCCESS at time: 2022-01-07 11:21:49
---

working on row 18
id = 1004001254;  date = 2016-07-14
 row in dataframe = 18
 formula = case_ ~ ndvi_end + vis_end +ndvi_end:vis_end + vis_start:vis_end +strata(step_id_)
 start time: 2022-01-07 11:21:49
SUCCESS at time: 2022-01-07 11:21:49
---

working on row 19
id = 1004001254;  date = 2016-07-16
 row in dataframe = 19
 formula = case_ ~ ndvi_end + vis_end +ndvi_end:vis_end + vis_start:vis_end +strata(step_id_)
 start time: 2022-01-07 11:21:49
SUCCESS at time: 2022-01-07 11:21:50
---

working on row 20
id = 1004001332;  date = 2016-07-25
 row in dataframe = 20
 formula = case_ ~ ndvi_end + vis_end +ndvi_end:vis_end + vis_start:vis_end +strata(step_id_)
 start time: 2022-01-07 11:21:50
SUCCESS at time: 2022-01-07 11:21:50
---

working on row 21
id = 1004001332;  date = 2016-07-27
 row in dataframe = 21
 formula = case_ ~ ndvi_end + vis_end +ndvi_end:vis_end + vis_start:vis_end +strata(step_id_)
 start time: 2022-01-07 11:21:50
SUCCESS at time: 2022-01-07 11:21:51
---

working on row 22
id = 1004001332;  date = 2016-07-30
 row in dataframe = 22
 formula = case_ ~ ndvi_end + vis_end +ndvi_end:vis_end + vis_start:vis_end +strata(step_id_)
 start time: 2022-01-07 11:21:51
SUCCESS at time: 2022-01-07 11:21:54
---

working on row 23
id = 1004001332;  date = 2016-07-31
 row in dataframe = 23
 formula = case_ ~ ndvi_end + vis_end +ndvi_end:vis_end + vis_start:vis_end +strata(step_id_)
 start time: 2022-01-07 11:21:54
SUCCESS at time: 2022-01-07 11:21:57
---

working on row 24
id = 1004001333;  date = 2016-07-26
 row in dataframe = 24
 formula = case_ ~ ndvi_end + vis_end +ndvi_end:vis_end + vis_start:vis_end +strata(step_id_)
 start time: 2022-01-07 11:21:57
SUCCESS at time: 2022-01-07 11:21:57
---

working on row 25
id = 1004001333;  date = 2016-07-27
 row in dataframe = 25
 formula = case_ ~ ndvi_end + vis_end +ndvi_end:vis_end + vis_start:vis_end +strata(step_id_)
 start time: 2022-01-07 11:21:57
SUCCESS at time: 2022-01-07 11:21:57
---

working on row 26
id = 1004001333;  date = 2016-07-28
 row in dataframe = 26
 formula = case_ ~ ndvi_end + vis_end +ndvi_end:vis_end + vis_start:vis_end +strata(step_id_)
 start time: 2022-01-07 11:21:57
SUCCESS at time: 2022-01-07 11:21:58
---

working on row 27
id = 1004001333;  date = 2016-07-29
 row in dataframe = 27
 formula = case_ ~ ndvi_end + vis_end +ndvi_end:vis_end + vis_start:vis_end +strata(step_id_)
 start time: 2022-01-07 11:21:58
SUCCESS at time: 2022-01-07 11:21:58
---

working on row 28
id = 1004001333;  date = 2016-07-30
 row in dataframe = 28
 formula = case_ ~ ndvi_end + vis_end +ndvi_end:vis_end + vis_start:vis_end +strata(step_id_)
 start time: 2022-01-07 11:21:58
SUCCESS at time: 2022-01-07 11:21:58
---

working on row 29
id = 1004001333;  date = 2016-07-31
 row in dataframe = 29
 formula = case_ ~ ndvi_end + vis_end +ndvi_end:vis_end + vis_start:vis_end +strata(step_id_)
 start time: 2022-01-07 11:21:58
SUCCESS at time: 2022-01-07 11:21:58
---

working on row 30
id = 1004001334;  date = 2016-07-25
 row in dataframe = 30
 formula = case_ ~ ndvi_end + vis_end +ndvi_end:vis_end + vis_start:vis_end +strata(step_id_)
 start time: 2022-01-07 11:21:58
SUCCESS at time: 2022-01-07 11:21:58
---

working on row 31
id = 1004001335;  date = 2016-07-25
 row in dataframe = 31
 formula = case_ ~ ndvi_end + vis_end +ndvi_end:vis_end + vis_start:vis_end +strata(step_id_)
 start time: 2022-01-07 11:21:58
SUCCESS at time: 2022-01-07 11:21:58
---

working on row 32
id = 1004001335;  date = 2016-07-26
 row in dataframe = 32
 formula = case_ ~ ndvi_end + vis_end +ndvi_end:vis_end + vis_start:vis_end +strata(step_id_)
 start time: 2022-01-07 11:21:58
SUCCESS at time: 2022-01-07 11:21:59
---

working on row 33
id = 1004001335;  date = 2016-07-27
 row in dataframe = 33
 formula = case_ ~ ndvi_end + vis_end +ndvi_end:vis_end + vis_start:vis_end +strata(step_id_)
 start time: 2022-01-07 11:21:59
SUCCESS at time: 2022-01-07 11:21:59
---

working on row 34
id = 1004001335;  date = 2016-07-28
 row in dataframe = 34
 formula = case_ ~ ndvi_end + vis_end +ndvi_end:vis_end + vis_start:vis_end +strata(step_id_)
 start time: 2022-01-07 11:21:59
SUCCESS at time: 2022-01-07 11:21:59
---

working on row 35
id = 1004001335;  date = 2016-07-29
 row in dataframe = 35
 formula = case_ ~ ndvi_end + vis_end +ndvi_end:vis_end + vis_start:vis_end +strata(step_id_)
 start time: 2022-01-07 11:21:59
SUCCESS at time: 2022-01-07 11:21:59
---

working on row 36
id = 1004001336;  date = 2016-07-26
 row in dataframe = 36
 formula = case_ ~ ndvi_end + vis_end +ndvi_end:vis_end + vis_start:vis_end +strata(step_id_)
 start time: 2022-01-07 11:21:59
SUCCESS at time: 2022-01-07 11:21:59
---

working on row 37
id = 1004001336;  date = 2016-07-27
 row in dataframe = 37
 formula = case_ ~ ndvi_end + vis_end +ndvi_end:vis_end + vis_start:vis_end +strata(step_id_)
 start time: 2022-01-07 11:21:59
SUCCESS at time: 2022-01-07 11:21:59
---

working on row 38
id = 1004001336;  date = 2016-07-29
 row in dataframe = 38
 formula = case_ ~ ndvi_end + vis_end +ndvi_end:vis_end + vis_start:vis_end +strata(step_id_)
 start time: 2022-01-07 11:21:59
SUCCESS at time: 2022-01-07 11:21:59
---

working on row 39
id = 1004001344;  date = 2016-07-26
 row in dataframe = 39
 formula = case_ ~ ndvi_end + vis_end +ndvi_end:vis_end + vis_start:vis_end +strata(step_id_)
 start time: 2022-01-07 11:21:59
SUCCESS at time: 2022-01-07 11:21:59
---

working on row 40
id = 1004001347;  date = 2016-07-26
 row in dataframe = 40
 formula = case_ ~ ndvi_end + vis_end +ndvi_end:vis_end + vis_start:vis_end +strata(step_id_)
 start time: 2022-01-07 11:21:59
SUCCESS at time: 2022-01-07 11:21:59
---

working on row 41
id = 1004001350;  date = 2016-07-26
 row in dataframe = 41
 formula = case_ ~ ndvi_end + vis_end +ndvi_end:vis_end + vis_start:vis_end +strata(step_id_)
 start time: 2022-01-07 11:21:59
SUCCESS at time: 2022-01-07 11:21:59
---

working on row 42
id = 1004001352;  date = 2016-07-26
 row in dataframe = 42
 formula = case_ ~ ndvi_end + vis_end +ndvi_end:vis_end + vis_start:vis_end +strata(step_id_)
 start time: 2022-01-07 11:21:59
SUCCESS at time: 2022-01-07 11:21:59
---

working on row 43
id = 1004001352;  date = 2016-07-27
 row in dataframe = 43
 formula = case_ ~ ndvi_end + vis_end +ndvi_end:vis_end + vis_start:vis_end +strata(step_id_)
 start time: 2022-01-07 11:21:59
SUCCESS at time: 2022-01-07 11:22:00
---

working on row 44
id = 1004001352;  date = 2016-07-28
 row in dataframe = 44
 formula = case_ ~ ndvi_end + vis_end +ndvi_end:vis_end + vis_start:vis_end +strata(step_id_)
 start time: 2022-01-07 11:22:00
SUCCESS at time: 2022-01-07 11:22:00
---

working on row 45
id = 1004001352;  date = 2016-07-29
 row in dataframe = 45
 formula = case_ ~ ndvi_end + vis_end +ndvi_end:vis_end + vis_start:vis_end +strata(step_id_)
 start time: 2022-01-07 11:22:00
SUCCESS at time: 2022-01-07 11:22:00
---

working on row 46
id = 1004001352;  date = 2016-07-30
 row in dataframe = 46
 formula = case_ ~ ndvi_end + vis_end +ndvi_end:vis_end + vis_start:vis_end +strata(step_id_)
 start time: 2022-01-07 11:22:00
SUCCESS at time: 2022-01-07 11:22:00
---

working on row 47
id = 1004001390;  date = 2016-08-05
 row in dataframe = 47
 formula = case_ ~ ndvi_end + vis_end +ndvi_end:vis_end + vis_start:vis_end +strata(step_id_)
 start time: 2022-01-07 11:22:00
SUCCESS at time: 2022-01-07 11:22:01
---

working on row 48
id = 1004001390;  date = 2016-08-06
 row in dataframe = 48
 formula = case_ ~ ndvi_end + vis_end +ndvi_end:vis_end + vis_start:vis_end +strata(step_id_)
 start time: 2022-01-07 11:22:01
SUCCESS at time: 2022-01-07 11:22:01
---

working on row 49
id = 1004001391;  date = 2016-08-05
 row in dataframe = 49
 formula = case_ ~ ndvi_end + vis_end +ndvi_end:vis_end + vis_start:vis_end +strata(step_id_)
 start time: 2022-01-07 11:22:01
SUCCESS at time: 2022-01-07 11:22:01
---

working on row 50
id = 1004001391;  date = 2016-08-06
 row in dataframe = 50
 formula = case_ ~ ndvi_end + vis_end +ndvi_end:vis_end + vis_start:vis_end +strata(step_id_)
 start time: 2022-01-07 11:22:01
SUCCESS at time: 2022-01-07 11:22:01
---

working on row 51
id = 1004001391;  date = 2016-08-07
 row in dataframe = 51
 formula = case_ ~ ndvi_end + vis_end +ndvi_end:vis_end + vis_start:vis_end +strata(step_id_)
 start time: 2022-01-07 11:22:01
SUCCESS at time: 2022-01-07 11:22:01
---

working on row 52
id = 1004001392;  date = 2016-08-06
 row in dataframe = 52
 formula = case_ ~ ndvi_end + vis_end +ndvi_end:vis_end + vis_start:vis_end +strata(step_id_)
 start time: 2022-01-07 11:22:01
SUCCESS at time: 2022-01-07 11:22:01
---

working on row 53
id = 1004001392;  date = 2016-08-07
 row in dataframe = 53
 formula = case_ ~ ndvi_end + vis_end +ndvi_end:vis_end + vis_start:vis_end +strata(step_id_)
 start time: 2022-01-07 11:22:01
SUCCESS at time: 2022-01-07 11:22:01
---

working on row 54
id = 1004001392;  date = 2016-08-09
 row in dataframe = 54
 formula = case_ ~ ndvi_end + vis_end +ndvi_end:vis_end + vis_start:vis_end +strata(step_id_)
 start time: 2022-01-07 11:22:01
SUCCESS at time: 2022-01-07 11:22:02
---

working on row 55
id = 1004001395;  date = 2016-08-06
 row in dataframe = 55
 formula = case_ ~ ndvi_end + vis_end +ndvi_end:vis_end + vis_start:vis_end +strata(step_id_)
 start time: 2022-01-07 11:22:02
SUCCESS at time: 2022-01-07 11:22:02
---

working on row 56
id = 1004001395;  date = 2016-08-07
 row in dataframe = 56
 formula = case_ ~ ndvi_end + vis_end +ndvi_end:vis_end + vis_start:vis_end +strata(step_id_)
 start time: 2022-01-07 11:22:02
SUCCESS at time: 2022-01-07 11:22:02
---

working on row 57
id = 1004001396;  date = 2016-08-05
 row in dataframe = 57
 formula = case_ ~ ndvi_end + vis_end +ndvi_end:vis_end + vis_start:vis_end +strata(step_id_)
 start time: 2022-01-07 11:22:02
SUCCESS at time: 2022-01-07 11:22:02
---

working on row 58
id = 1004001396;  date = 2016-08-06
 row in dataframe = 58
 formula = case_ ~ ndvi_end + vis_end +ndvi_end:vis_end + vis_start:vis_end +strata(step_id_)
 start time: 2022-01-07 11:22:02
SUCCESS at time: 2022-01-07 11:22:02
---

working on row 59
id = 1004001396;  date = 2016-08-07
 row in dataframe = 59
 formula = case_ ~ ndvi_end + vis_end +ndvi_end:vis_end + vis_start:vis_end +strata(step_id_)
 start time: 2022-01-07 11:22:02
SUCCESS at time: 2022-01-07 11:22:02
---

working on row 60
id = 1004001396;  date = 2016-08-08
 row in dataframe = 60
 formula = case_ ~ ndvi_end + vis_end +ndvi_end:vis_end + vis_start:vis_end +strata(step_id_)
 start time: 2022-01-07 11:22:02
SUCCESS at time: 2022-01-07 11:22:02
---

working on row 61
id = 1004001396;  date = 2016-08-09
 row in dataframe = 61
 formula = case_ ~ ndvi_end + vis_end +ndvi_end:vis_end + vis_start:vis_end +strata(step_id_)
 start time: 2022-01-07 11:22:02
SUCCESS at time: 2022-01-07 11:22:02
---

working on row 62
id = 1004001398;  date = 2016-08-05
 row in dataframe = 62
 formula = case_ ~ ndvi_end + vis_end +ndvi_end:vis_end + vis_start:vis_end +strata(step_id_)
 start time: 2022-01-07 11:22:02
SUCCESS at time: 2022-01-07 11:22:03
---

working on row 63
id = 1004001398;  date = 2016-08-07
 row in dataframe = 63
 formula = case_ ~ ndvi_end + vis_end +ndvi_end:vis_end + vis_start:vis_end +strata(step_id_)
 start time: 2022-01-07 11:22:03
SUCCESS at time: 2022-01-07 11:22:03
---

working on row 64
id = 1004001399;  date = 2016-08-05
 row in dataframe = 64
 formula = case_ ~ ndvi_end + vis_end +ndvi_end:vis_end + vis_start:vis_end +strata(step_id_)
 start time: 2022-01-07 11:22:03
SUCCESS at time: 2022-01-07 11:22:04
---

working on row 65
id = 1004001399;  date = 2016-08-06
 row in dataframe = 65
 formula = case_ ~ ndvi_end + vis_end +ndvi_end:vis_end + vis_start:vis_end +strata(step_id_)
 start time: 2022-01-07 11:22:04
SUCCESS at time: 2022-01-07 11:22:06
---

working on row 66
id = 1004001399;  date = 2016-08-07
 row in dataframe = 66
 formula = case_ ~ ndvi_end + vis_end +ndvi_end:vis_end + vis_start:vis_end +strata(step_id_)
 start time: 2022-01-07 11:22:06
SUCCESS at time: 2022-01-07 11:22:07
---

working on row 67
id = 1004001399;  date = 2016-08-08
 row in dataframe = 67
 formula = case_ ~ ndvi_end + vis_end +ndvi_end:vis_end + vis_start:vis_end +strata(step_id_)
 start time: 2022-01-07 11:22:08
SUCCESS at time: 2022-01-07 11:22:09
---

working on row 68
id = 1004001400;  date = 2016-08-05
 row in dataframe = 68
 formula = case_ ~ ndvi_end + vis_end +ndvi_end:vis_end + vis_start:vis_end +strata(step_id_)
 start time: 2022-01-07 11:22:09
SUCCESS at time: 2022-01-07 11:22:09
---

working on row 69
id = 1004001400;  date = 2016-08-06
 row in dataframe = 69
 formula = case_ ~ ndvi_end + vis_end +ndvi_end:vis_end + vis_start:vis_end +strata(step_id_)
 start time: 2022-01-07 11:22:09
SUCCESS at time: 2022-01-07 11:22:11
---

working on row 70
id = 1004001400;  date = 2016-08-07
 row in dataframe = 70
 formula = case_ ~ ndvi_end + vis_end +ndvi_end:vis_end + vis_start:vis_end +strata(step_id_)
 start time: 2022-01-07 11:22:11
SUCCESS at time: 2022-01-07 11:22:12
---

working on row 71
id = 1004001400;  date = 2016-08-08
 row in dataframe = 71
 formula = case_ ~ ndvi_end + vis_end +ndvi_end:vis_end + vis_start:vis_end +strata(step_id_)
 start time: 2022-01-07 11:22:12
SUCCESS at time: 2022-01-07 11:22:15
---

working on row 72
id = 1004001401;  date = 2016-08-05
 row in dataframe = 72
 formula = case_ ~ ndvi_end + vis_end +ndvi_end:vis_end + vis_start:vis_end +strata(step_id_)
 start time: 2022-01-07 11:22:15
SUCCESS at time: 2022-01-07 11:22:15
---

working on row 73
id = 1004001401;  date = 2016-08-06
 row in dataframe = 73
 formula = case_ ~ ndvi_end + vis_end +ndvi_end:vis_end + vis_start:vis_end +strata(step_id_)
 start time: 2022-01-07 11:22:15
SUCCESS at time: 2022-01-07 11:22:15
---

working on row 74
id = 1004001401;  date = 2016-08-07
 row in dataframe = 74
 formula = case_ ~ ndvi_end + vis_end +ndvi_end:vis_end + vis_start:vis_end +strata(step_id_)
 start time: 2022-01-07 11:22:15
SUCCESS at time: 2022-01-07 11:22:15
---

working on row 75
id = 1004001407;  date = 2016-08-18
 row in dataframe = 75
 formula = case_ ~ ndvi_end + vis_end +ndvi_end:vis_end + vis_start:vis_end +strata(step_id_)
 start time: 2022-01-07 11:22:15
SUCCESS at time: 2022-01-07 11:22:16
---

working on row 76
id = 1004001407;  date = 2016-08-19
 row in dataframe = 76
 formula = case_ ~ ndvi_end + vis_end +ndvi_end:vis_end + vis_start:vis_end +strata(step_id_)
 start time: 2022-01-07 11:22:16
SUCCESS at time: 2022-01-07 11:22:17
---

working on row 77
id = 1004001407;  date = 2016-08-20
 row in dataframe = 77
 formula = case_ ~ ndvi_end + vis_end +ndvi_end:vis_end + vis_start:vis_end +strata(step_id_)
 start time: 2022-01-07 11:22:17
SUCCESS at time: 2022-01-07 11:22:20
---

working on row 78
id = 1004001407;  date = 2016-08-21
 row in dataframe = 78
 formula = case_ ~ ndvi_end + vis_end +ndvi_end:vis_end + vis_start:vis_end +strata(step_id_)
 start time: 2022-01-07 11:22:20
SUCCESS at time: 2022-01-07 11:22:20
---

working on row 79
id = 1004001408;  date = 2016-08-18
 row in dataframe = 79
 formula = case_ ~ ndvi_end + vis_end +ndvi_end:vis_end + vis_start:vis_end +strata(step_id_)
 start time: 2022-01-07 11:22:20
SUCCESS at time: 2022-01-07 11:22:22
---

working on row 80
id = 1004001408;  date = 2016-08-19
 row in dataframe = 80
 formula = case_ ~ ndvi_end + vis_end +ndvi_end:vis_end + vis_start:vis_end +strata(step_id_)
 start time: 2022-01-07 11:22:22
SUCCESS at time: 2022-01-07 11:22:23
---

working on row 81
id = 1004001408;  date = 2016-08-20
 row in dataframe = 81
 formula = case_ ~ ndvi_end + vis_end +ndvi_end:vis_end + vis_start:vis_end +strata(step_id_)
 start time: 2022-01-07 11:22:23
SUCCESS at time: 2022-01-07 11:22:25
---

working on row 82
id = 1004001408;  date = 2016-08-21
 row in dataframe = 82
 formula = case_ ~ ndvi_end + vis_end +ndvi_end:vis_end + vis_start:vis_end +strata(step_id_)
 start time: 2022-01-07 11:22:25
SUCCESS at time: 2022-01-07 11:22:26
---

working on row 83
id = 1004001408;  date = 2016-08-22
 row in dataframe = 83
 formula = case_ ~ ndvi_end + vis_end +ndvi_end:vis_end + vis_start:vis_end +strata(step_id_)
 start time: 2022-01-07 11:22:26
SUCCESS at time: 2022-01-07 11:22:28
---

working on row 84
id = 1004001408;  date = 2016-08-23
 row in dataframe = 84
 formula = case_ ~ ndvi_end + vis_end +ndvi_end:vis_end + vis_start:vis_end +strata(step_id_)
 start time: 2022-01-07 11:22:28
SUCCESS at time: 2022-01-07 11:22:28
---

working on row 85
id = 1004001410;  date = 2016-08-19
 row in dataframe = 85
 formula = case_ ~ ndvi_end + vis_end +ndvi_end:vis_end + vis_start:vis_end +strata(step_id_)
 start time: 2022-01-07 11:22:28
SUCCESS at time: 2022-01-07 11:22:30
---

working on row 86
id = 1004001410;  date = 2016-08-20
 row in dataframe = 86
 formula = case_ ~ ndvi_end + vis_end +ndvi_end:vis_end + vis_start:vis_end +strata(step_id_)
 start time: 2022-01-07 11:22:30
SUCCESS at time: 2022-01-07 11:22:33
---

working on row 87
id = 1004001410;  date = 2016-08-21
 row in dataframe = 87
 formula = case_ ~ ndvi_end + vis_end +ndvi_end:vis_end + vis_start:vis_end +strata(step_id_)
 start time: 2022-01-07 11:22:33
SUCCESS at time: 2022-01-07 11:22:35
---

working on row 88
id = 1004001410;  date = 2016-08-22
 row in dataframe = 88
 formula = case_ ~ ndvi_end + vis_end +ndvi_end:vis_end + vis_start:vis_end +strata(step_id_)
 start time: 2022-01-07 11:22:35
SUCCESS at time: 2022-01-07 11:22:37
---

working on row 89
id = 1004001410;  date = 2016-08-23
 row in dataframe = 89
 formula = case_ ~ ndvi_end + vis_end +ndvi_end:vis_end + vis_start:vis_end +strata(step_id_)
 start time: 2022-01-07 11:22:37
SUCCESS at time: 2022-01-07 11:22:38
---

working on row 90
id = 1004001411;  date = 2016-08-19
 row in dataframe = 90
 formula = case_ ~ ndvi_end + vis_end +ndvi_end:vis_end + vis_start:vis_end +strata(step_id_)
 start time: 2022-01-07 11:22:38
SUCCESS at time: 2022-01-07 11:22:40
---

working on row 91
id = 1004001411;  date = 2016-08-21
 row in dataframe = 91
 formula = case_ ~ ndvi_end + vis_end +ndvi_end:vis_end + vis_start:vis_end +strata(step_id_)
 start time: 2022-01-07 11:22:40
SUCCESS at time: 2022-01-07 11:22:42
---

working on row 92
id = 1004001411;  date = 2016-08-22
 row in dataframe = 92
 formula = case_ ~ ndvi_end + vis_end +ndvi_end:vis_end + vis_start:vis_end +strata(step_id_)
 start time: 2022-01-07 11:22:42
SUCCESS at time: 2022-01-07 11:22:45
---

working on row 93
id = 1004001411;  date = 2016-08-23
 row in dataframe = 93
 formula = case_ ~ ndvi_end + vis_end +ndvi_end:vis_end + vis_start:vis_end +strata(step_id_)
 start time: 2022-01-07 11:22:45
SUCCESS at time: 2022-01-07 11:22:47
---

working on row 94
id = 1004001411;  date = 2016-08-24
 row in dataframe = 94
 formula = case_ ~ ndvi_end + vis_end +ndvi_end:vis_end + vis_start:vis_end +strata(step_id_)
 start time: 2022-01-07 11:22:47
SUCCESS at time: 2022-01-07 11:22:48
---

working on row 95
id = 1004001411;  date = 2016-08-25
 row in dataframe = 95
 formula = case_ ~ ndvi_end + vis_end +ndvi_end:vis_end + vis_start:vis_end +strata(step_id_)
 start time: 2022-01-07 11:22:48
SUCCESS at time: 2022-01-07 11:22:48
---

working on row 96
id = 1004001412;  date = 2016-08-18
 row in dataframe = 96
 formula = case_ ~ ndvi_end + vis_end +ndvi_end:vis_end + vis_start:vis_end +strata(step_id_)
 start time: 2022-01-07 11:22:48
SUCCESS at time: 2022-01-07 11:22:49
---

working on row 97
id = 1004001412;  date = 2016-08-19
 row in dataframe = 97
 formula = case_ ~ ndvi_end + vis_end +ndvi_end:vis_end + vis_start:vis_end +strata(step_id_)
 start time: 2022-01-07 11:22:49
SUCCESS at time: 2022-01-07 11:22:50
---

working on row 98
id = 1004001412;  date = 2016-08-20
 row in dataframe = 98
 formula = case_ ~ ndvi_end + vis_end +ndvi_end:vis_end + vis_start:vis_end +strata(step_id_)
 start time: 2022-01-07 11:22:50
SUCCESS at time: 2022-01-07 11:22:52
---

working on row 99
id = 1004001412;  date = 2016-08-21
 row in dataframe = 99
 formula = case_ ~ ndvi_end + vis_end +ndvi_end:vis_end + vis_start:vis_end +strata(step_id_)
 start time: 2022-01-07 11:22:52
SUCCESS at time: 2022-01-07 11:22:53
---

working on row 100
id = 1004001412;  date = 2016-08-22
 row in dataframe = 100
 formula = case_ ~ ndvi_end + vis_end +ndvi_end:vis_end + vis_start:vis_end +strata(step_id_)
 start time: 2022-01-07 11:22:53
SUCCESS at time: 2022-01-07 11:22:54
---

working on row 101
id = 1004001414;  date = 2016-08-18
 row in dataframe = 101
 formula = case_ ~ ndvi_end + vis_end +ndvi_end:vis_end + vis_start:vis_end +strata(step_id_)
 start time: 2022-01-07 11:22:54
SUCCESS at time: 2022-01-07 11:22:55
---

working on row 102
id = 1004001414;  date = 2016-08-19
 row in dataframe = 102
 formula = case_ ~ ndvi_end + vis_end +ndvi_end:vis_end + vis_start:vis_end +strata(step_id_)
 start time: 2022-01-07 11:22:55
SUCCESS at time: 2022-01-07 11:22:57
---

working on row 103
id = 1004001414;  date = 2016-08-20
 row in dataframe = 103
 formula = case_ ~ ndvi_end + vis_end +ndvi_end:vis_end + vis_start:vis_end +strata(step_id_)
 start time: 2022-01-07 11:22:57
SUCCESS at time: 2022-01-07 11:22:59
---

working on row 104
id = 1004001414;  date = 2016-08-21
 row in dataframe = 104
 formula = case_ ~ ndvi_end + vis_end +ndvi_end:vis_end + vis_start:vis_end +strata(step_id_)
 start time: 2022-01-07 11:22:59
SUCCESS at time: 2022-01-07 11:22:59
---

working on row 105
id = 1004001415;  date = 2016-08-19
 row in dataframe = 105
 formula = case_ ~ ndvi_end + vis_end +ndvi_end:vis_end + vis_start:vis_end +strata(step_id_)
 start time: 2022-01-07 11:22:59
SUCCESS at time: 2022-01-07 11:23:00
---

working on row 106
id = 1004001415;  date = 2016-08-20
 row in dataframe = 106
 formula = case_ ~ ndvi_end + vis_end +ndvi_end:vis_end + vis_start:vis_end +strata(step_id_)
 start time: 2022-01-07 11:23:00
SUCCESS at time: 2022-01-07 11:23:02
---

working on row 107
id = 1004001415;  date = 2016-08-21
 row in dataframe = 107
 formula = case_ ~ ndvi_end + vis_end +ndvi_end:vis_end + vis_start:vis_end +strata(step_id_)
 start time: 2022-01-07 11:23:02
SUCCESS at time: 2022-01-07 11:23:02
---

working on row 108
id = 1004001416;  date = 2016-08-18
 row in dataframe = 108
 formula = case_ ~ ndvi_end + vis_end +ndvi_end:vis_end + vis_start:vis_end +strata(step_id_)
 start time: 2022-01-07 11:23:02
SUCCESS at time: 2022-01-07 11:23:03
---

working on row 109
id = 1004001416;  date = 2016-08-19
 row in dataframe = 109
 formula = case_ ~ ndvi_end + vis_end +ndvi_end:vis_end + vis_start:vis_end +strata(step_id_)
 start time: 2022-01-07 11:23:03
SUCCESS at time: 2022-01-07 11:23:05
---

working on row 110
id = 1004001416;  date = 2016-08-20
 row in dataframe = 110
 formula = case_ ~ ndvi_end + vis_end +ndvi_end:vis_end + vis_start:vis_end +strata(step_id_)
 start time: 2022-01-07 11:23:05
SUCCESS at time: 2022-01-07 11:23:06
---

working on row 111
id = 1004001416;  date = 2016-08-21
 row in dataframe = 111
 formula = case_ ~ ndvi_end + vis_end +ndvi_end:vis_end + vis_start:vis_end +strata(step_id_)
 start time: 2022-01-07 11:23:06
SUCCESS at time: 2022-01-07 11:23:07
---

working on row 112
id = 1004001416;  date = 2016-08-22
 row in dataframe = 112
 formula = case_ ~ ndvi_end + vis_end +ndvi_end:vis_end + vis_start:vis_end +strata(step_id_)
 start time: 2022-01-07 11:23:07
SUCCESS at time: 2022-01-07 11:23:08
---

working on row 113
id = 1004001416;  date = 2016-08-23
 row in dataframe = 113
 formula = case_ ~ ndvi_end + vis_end +ndvi_end:vis_end + vis_start:vis_end +strata(step_id_)
 start time: 2022-01-07 11:23:08
SUCCESS at time: 2022-01-07 11:23:09
---

working on row 114
id = 1004001417;  date = 2016-08-18
 row in dataframe = 114
 formula = case_ ~ ndvi_end + vis_end +ndvi_end:vis_end + vis_start:vis_end +strata(step_id_)
 start time: 2022-01-07 11:23:09
SUCCESS at time: 2022-01-07 11:23:10
---

working on row 115
id = 1004001417;  date = 2016-08-19
 row in dataframe = 115
 formula = case_ ~ ndvi_end + vis_end +ndvi_end:vis_end + vis_start:vis_end +strata(step_id_)
 start time: 2022-01-07 11:23:10
SUCCESS at time: 2022-01-07 11:23:11
---

working on row 116
id = 1004001417;  date = 2016-08-20
 row in dataframe = 116
 formula = case_ ~ ndvi_end + vis_end +ndvi_end:vis_end + vis_start:vis_end +strata(step_id_)
 start time: 2022-01-07 11:23:11
SUCCESS at time: 2022-01-07 11:23:12
---

working on row 117
id = 1004001417;  date = 2016-08-21
 row in dataframe = 117
 formula = case_ ~ ndvi_end + vis_end +ndvi_end:vis_end + vis_start:vis_end +strata(step_id_)
 start time: 2022-01-07 11:23:12
SUCCESS at time: 2022-01-07 11:23:13
---

working on row 118
id = 1004001417;  date = 2016-08-22
 row in dataframe = 118
 formula = case_ ~ ndvi_end + vis_end +ndvi_end:vis_end + vis_start:vis_end +strata(step_id_)
 start time: 2022-01-07 11:23:13
SUCCESS at time: 2022-01-07 11:23:14
---

working on row 119
id = 1004001417;  date = 2016-08-23
 row in dataframe = 119
 formula = case_ ~ ndvi_end + vis_end +ndvi_end:vis_end + vis_start:vis_end +strata(step_id_)
 start time: 2022-01-07 11:23:14
SUCCESS at time: 2022-01-07 11:23:14
---

working on row 120
id = 1004001417;  date = 2016-08-24
 row in dataframe = 120
 formula = case_ ~ ndvi_end + vis_end +ndvi_end:vis_end + vis_start:vis_end +strata(step_id_)
 start time: 2022-01-07 11:23:14
SUCCESS at time: 2022-01-07 11:23:15
---

working on row 121
id = 1004001417;  date = 2016-08-25
 row in dataframe = 121
 formula = case_ ~ ndvi_end + vis_end +ndvi_end:vis_end + vis_start:vis_end +strata(step_id_)
 start time: 2022-01-07 11:23:15
SUCCESS at time: 2022-01-07 11:23:16
---

working on row 122
id = 1004001417;  date = 2016-08-26
 row in dataframe = 122
 formula = case_ ~ ndvi_end + vis_end +ndvi_end:vis_end + vis_start:vis_end +strata(step_id_)
 start time: 2022-01-07 11:23:16
SUCCESS at time: 2022-01-07 11:23:17
---

working on row 123
id = 1004001418;  date = 2016-08-18
 row in dataframe = 123
 formula = case_ ~ ndvi_end + vis_end +ndvi_end:vis_end + vis_start:vis_end +strata(step_id_)
 start time: 2022-01-07 11:23:17
SUCCESS at time: 2022-01-07 11:23:18
---

working on row 124
id = 1004001418;  date = 2016-08-19
 row in dataframe = 124
 formula = case_ ~ ndvi_end + vis_end +ndvi_end:vis_end + vis_start:vis_end +strata(step_id_)
 start time: 2022-01-07 11:23:18
SUCCESS at time: 2022-01-07 11:23:19
---

working on row 125
id = 1004001420;  date = 2016-08-19
 row in dataframe = 125
 formula = case_ ~ ndvi_end + vis_end +ndvi_end:vis_end + vis_start:vis_end +strata(step_id_)
 start time: 2022-01-07 11:23:19
SUCCESS at time: 2022-01-07 11:23:19
---

working on row 126
id = 1004001420;  date = 2016-08-20
 row in dataframe = 126
 formula = case_ ~ ndvi_end + vis_end +ndvi_end:vis_end + vis_start:vis_end +strata(step_id_)
 start time: 2022-01-07 11:23:19
SUCCESS at time: 2022-01-07 11:23:19
---

working on row 127
id = 1004001420;  date = 2016-08-21
 row in dataframe = 127
 formula = case_ ~ ndvi_end + vis_end +ndvi_end:vis_end + vis_start:vis_end +strata(step_id_)
 start time: 2022-01-07 11:23:19
SUCCESS at time: 2022-01-07 11:23:19
---

working on row 128
id = 1004001420;  date = 2016-08-22
 row in dataframe = 128
 formula = case_ ~ ndvi_end + vis_end +ndvi_end:vis_end + vis_start:vis_end +strata(step_id_)
 start time: 2022-01-07 11:23:19
SUCCESS at time: 2022-01-07 11:23:19
---

working on row 129
id = 1004001420;  date = 2016-08-23
 row in dataframe = 129
 formula = case_ ~ ndvi_end + vis_end +ndvi_end:vis_end + vis_start:vis_end +strata(step_id_)
 start time: 2022-01-07 11:23:19
SUCCESS at time: 2022-01-07 11:23:20
---

working on row 130
id = 1004001459;  date = 2016-08-24
 row in dataframe = 130
 formula = case_ ~ ndvi_end + vis_end +ndvi_end:vis_end + vis_start:vis_end +strata(step_id_)
 start time: 2022-01-07 11:23:20
SUCCESS at time: 2022-01-07 11:23:20
---

working on row 131
id = 1004001459;  date = 2016-08-27
 row in dataframe = 131
 formula = case_ ~ ndvi_end + vis_end +ndvi_end:vis_end + vis_start:vis_end +strata(step_id_)
 start time: 2022-01-07 11:23:20
SUCCESS at time: 2022-01-07 11:23:22
---

working on row 132
id = 1004001459;  date = 2016-08-28
 row in dataframe = 132
 formula = case_ ~ ndvi_end + vis_end +ndvi_end:vis_end + vis_start:vis_end +strata(step_id_)
 start time: 2022-01-07 11:23:22
SUCCESS at time: 2022-01-07 11:23:22
---

working on row 133
id = 1004001459;  date = 2016-08-30
 row in dataframe = 133
 formula = case_ ~ ndvi_end + vis_end +ndvi_end:vis_end + vis_start:vis_end +strata(step_id_)
 start time: 2022-01-07 11:23:22
SUCCESS at time: 2022-01-07 11:23:23
---

working on row 134
id = 1004001460;  date = 2016-08-26
 row in dataframe = 134
 formula = case_ ~ ndvi_end + vis_end +ndvi_end:vis_end + vis_start:vis_end +strata(step_id_)
 start time: 2022-01-07 11:23:23
SUCCESS at time: 2022-01-07 11:23:23
---

working on row 135
id = 1004001460;  date = 2016-08-27
 row in dataframe = 135
 formula = case_ ~ ndvi_end + vis_end +ndvi_end:vis_end + vis_start:vis_end +strata(step_id_)
 start time: 2022-01-07 11:23:23
SUCCESS at time: 2022-01-07 11:23:24
---

working on row 136
id = 1004001461;  date = 2016-08-27
 row in dataframe = 136
 formula = case_ ~ ndvi_end + vis_end +ndvi_end:vis_end + vis_start:vis_end +strata(step_id_)
 start time: 2022-01-07 11:23:24
SUCCESS at time: 2022-01-07 11:23:24
---

working on row 137
id = 1004001462;  date = 2016-08-26
 row in dataframe = 137
 formula = case_ ~ ndvi_end + vis_end +ndvi_end:vis_end + vis_start:vis_end +strata(step_id_)
 start time: 2022-01-07 11:23:24
SUCCESS at time: 2022-01-07 11:23:24
---

working on row 138
id = 1004001462;  date = 2016-08-27
 row in dataframe = 138
 formula = case_ ~ ndvi_end + vis_end +ndvi_end:vis_end + vis_start:vis_end +strata(step_id_)
 start time: 2022-01-07 11:23:24
SUCCESS at time: 2022-01-07 11:23:24
---

working on row 139
id = 1004001462;  date = 2016-08-28
 row in dataframe = 139
 formula = case_ ~ ndvi_end + vis_end +ndvi_end:vis_end + vis_start:vis_end +strata(step_id_)
 start time: 2022-01-07 11:23:24
SUCCESS at time: 2022-01-07 11:23:24
---

working on row 140
id = 1004001462;  date = 2016-08-29
 row in dataframe = 140
 formula = case_ ~ ndvi_end + vis_end +ndvi_end:vis_end + vis_start:vis_end +strata(step_id_)
 start time: 2022-01-07 11:23:24
SUCCESS at time: 2022-01-07 11:23:25
---

working on row 141
id = 1004001478;  date = 2016-08-30
 row in dataframe = 141
 formula = case_ ~ ndvi_end + vis_end +ndvi_end:vis_end + vis_start:vis_end +strata(step_id_)
 start time: 2022-01-07 11:23:25
SUCCESS at time: 2022-01-07 11:23:26
---

working on row 142
id = 1004001478;  date = 2016-08-31
 row in dataframe = 142
 formula = case_ ~ ndvi_end + vis_end +ndvi_end:vis_end + vis_start:vis_end +strata(step_id_)
 start time: 2022-01-07 11:23:26
SUCCESS at time: 2022-01-07 11:23:27
---

working on row 143
id = 1004001478;  date = 2016-09-01
 row in dataframe = 143
 formula = case_ ~ ndvi_end + vis_end +ndvi_end:vis_end + vis_start:vis_end +strata(step_id_)
 start time: 2022-01-07 11:23:27
SUCCESS at time: 2022-01-07 11:23:28
---

working on row 144
id = 1004001478;  date = 2016-09-02
 row in dataframe = 144
 formula = case_ ~ ndvi_end + vis_end +ndvi_end:vis_end + vis_start:vis_end +strata(step_id_)
 start time: 2022-01-07 11:23:28
SUCCESS at time: 2022-01-07 11:23:28
---

working on row 145
id = 1004001478;  date = 2016-09-03
 row in dataframe = 145
 formula = case_ ~ ndvi_end + vis_end +ndvi_end:vis_end + vis_start:vis_end +strata(step_id_)
 start time: 2022-01-07 11:23:28
SUCCESS at time: 2022-01-07 11:23:29
---

working on row 146
id = 1004001480;  date = 2016-08-30
 row in dataframe = 146
 formula = case_ ~ ndvi_end + vis_end +ndvi_end:vis_end + vis_start:vis_end +strata(step_id_)
 start time: 2022-01-07 11:23:29
SUCCESS at time: 2022-01-07 11:23:30
---

working on row 147
id = 1004001480;  date = 2016-08-31
 row in dataframe = 147
 formula = case_ ~ ndvi_end + vis_end +ndvi_end:vis_end + vis_start:vis_end +strata(step_id_)
 start time: 2022-01-07 11:23:30
SUCCESS at time: 2022-01-07 11:23:31
---

working on row 148
id = 1004001480;  date = 2016-09-01
 row in dataframe = 148
 formula = case_ ~ ndvi_end + vis_end +ndvi_end:vis_end + vis_start:vis_end +strata(step_id_)
 start time: 2022-01-07 11:23:31
SUCCESS at time: 2022-01-07 11:23:32
---

working on row 149
id = 1004001480;  date = 2016-09-02
 row in dataframe = 149
 formula = case_ ~ ndvi_end + vis_end +ndvi_end:vis_end + vis_start:vis_end +strata(step_id_)
 start time: 2022-01-07 11:23:32
SUCCESS at time: 2022-01-07 11:23:35
---

working on row 150
id = 1004001525;  date = 2016-09-06
 row in dataframe = 150
 formula = case_ ~ ndvi_end + vis_end +ndvi_end:vis_end + vis_start:vis_end +strata(step_id_)
 start time: 2022-01-07 11:23:35
SUCCESS at time: 2022-01-07 11:23:35
---

working on row 151
id = 1004001525;  date = 2016-09-07
 row in dataframe = 151
 formula = case_ ~ ndvi_end + vis_end +ndvi_end:vis_end + vis_start:vis_end +strata(step_id_)
 start time: 2022-01-07 11:23:35
SUCCESS at time: 2022-01-07 11:23:37
---

working on row 152
id = 1004001525;  date = 2016-09-08
 row in dataframe = 152
 formula = case_ ~ ndvi_end + vis_end +ndvi_end:vis_end + vis_start:vis_end +strata(step_id_)
 start time: 2022-01-07 11:23:37
SUCCESS at time: 2022-01-07 11:23:37
---

working on row 153
id = 1004001526;  date = 2016-09-06
 row in dataframe = 153
 formula = case_ ~ ndvi_end + vis_end +ndvi_end:vis_end + vis_start:vis_end +strata(step_id_)
 start time: 2022-01-07 11:23:37
SUCCESS at time: 2022-01-07 11:23:37
---

working on row 154
id = 1004001526;  date = 2016-09-07
 row in dataframe = 154
 formula = case_ ~ ndvi_end + vis_end +ndvi_end:vis_end + vis_start:vis_end +strata(step_id_)
 start time: 2022-01-07 11:23:37
SUCCESS at time: 2022-01-07 11:23:38
---

working on row 155
id = 1004001526;  date = 2016-09-08
 row in dataframe = 155
 formula = case_ ~ ndvi_end + vis_end +ndvi_end:vis_end + vis_start:vis_end +strata(step_id_)
 start time: 2022-01-07 11:23:38
SUCCESS at time: 2022-01-07 11:23:40
---

working on row 156
id = 1004001526;  date = 2016-09-09
 row in dataframe = 156
 formula = case_ ~ ndvi_end + vis_end +ndvi_end:vis_end + vis_start:vis_end +strata(step_id_)
 start time: 2022-01-07 11:23:40
SUCCESS at time: 2022-01-07 11:23:41
---

working on row 157
id = 1004001526;  date = 2016-09-10
 row in dataframe = 157
 formula = case_ ~ ndvi_end + vis_end +ndvi_end:vis_end + vis_start:vis_end +strata(step_id_)
 start time: 2022-01-07 11:23:41
SUCCESS at time: 2022-01-07 11:23:41
---

working on row 158
id = 1004001582;  date = 2016-09-11
 row in dataframe = 158
 formula = case_ ~ ndvi_end + vis_end +ndvi_end:vis_end + vis_start:vis_end +strata(step_id_)
 start time: 2022-01-07 11:23:41
SUCCESS at time: 2022-01-07 11:23:41
---

working on row 159
id = 1004001582;  date = 2016-09-12
 row in dataframe = 159
 formula = case_ ~ ndvi_end + vis_end +ndvi_end:vis_end + vis_start:vis_end +strata(step_id_)
 start time: 2022-01-07 11:23:41
SUCCESS at time: 2022-01-07 11:23:42
---

working on row 160
id = 1004001582;  date = 2016-09-13
 row in dataframe = 160
 formula = case_ ~ ndvi_end + vis_end +ndvi_end:vis_end + vis_start:vis_end +strata(step_id_)
 start time: 2022-01-07 11:23:42
SUCCESS at time: 2022-01-07 11:23:44
---

working on row 161
id = 1004001582;  date = 2016-09-14
 row in dataframe = 161
 formula = case_ ~ ndvi_end + vis_end +ndvi_end:vis_end + vis_start:vis_end +strata(step_id_)
 start time: 2022-01-07 11:23:44
SUCCESS at time: 2022-01-07 11:23:46
---

working on row 162
id = 1004001582;  date = 2016-09-15
 row in dataframe = 162
 formula = case_ ~ ndvi_end + vis_end +ndvi_end:vis_end + vis_start:vis_end +strata(step_id_)
 start time: 2022-01-07 11:23:46
SUCCESS at time: 2022-01-07 11:23:46
---

working on row 163
id = 1004001582;  date = 2016-09-16
 row in dataframe = 163
 formula = case_ ~ ndvi_end + vis_end +ndvi_end:vis_end + vis_start:vis_end +strata(step_id_)
 start time: 2022-01-07 11:23:46
SUCCESS at time: 2022-01-07 11:23:47
---

working on row 164
id = 1004001582;  date = 2016-09-17
 row in dataframe = 164
 formula = case_ ~ ndvi_end + vis_end +ndvi_end:vis_end + vis_start:vis_end +strata(step_id_)
 start time: 2022-01-07 11:23:47
SUCCESS at time: 2022-01-07 11:23:48
---

working on row 165
id = 1004001585;  date = 2016-09-13
 row in dataframe = 165
 formula = case_ ~ ndvi_end + vis_end +ndvi_end:vis_end + vis_start:vis_end +strata(step_id_)
 start time: 2022-01-07 11:23:48
SUCCESS at time: 2022-01-07 11:23:48
---

working on row 166
id = 1004001585;  date = 2016-09-14
 row in dataframe = 166
 formula = case_ ~ ndvi_end + vis_end +ndvi_end:vis_end + vis_start:vis_end +strata(step_id_)
 start time: 2022-01-07 11:23:48
SUCCESS at time: 2022-01-07 11:23:48
---

working on row 167
id = 1004001586;  date = 2016-09-13
 row in dataframe = 167
 formula = case_ ~ ndvi_end + vis_end +ndvi_end:vis_end + vis_start:vis_end +strata(step_id_)
 start time: 2022-01-07 11:23:48
SUCCESS at time: 2022-01-07 11:23:48
---

working on row 168
id = 1004001586;  date = 2016-09-14
 row in dataframe = 168
 formula = case_ ~ ndvi_end + vis_end +ndvi_end:vis_end + vis_start:vis_end +strata(step_id_)
 start time: 2022-01-07 11:23:48
SUCCESS at time: 2022-01-07 11:23:49
---

working on row 169
id = 1004001586;  date = 2016-09-16
 row in dataframe = 169
 formula = case_ ~ ndvi_end + vis_end +ndvi_end:vis_end + vis_start:vis_end +strata(step_id_)
 start time: 2022-01-07 11:23:49
SUCCESS at time: 2022-01-07 11:23:49
---

working on row 170
id = 1004001586;  date = 2016-09-17
 row in dataframe = 170
 formula = case_ ~ ndvi_end + vis_end +ndvi_end:vis_end + vis_start:vis_end +strata(step_id_)
 start time: 2022-01-07 11:23:49
SUCCESS at time: 2022-01-07 11:23:49
---

working on row 171
id = 1004001587;  date = 2016-09-13
 row in dataframe = 171
 formula = case_ ~ ndvi_end + vis_end +ndvi_end:vis_end + vis_start:vis_end +strata(step_id_)
 start time: 2022-01-07 11:23:49
SUCCESS at time: 2022-01-07 11:23:49
---

working on row 172
id = 1004001587;  date = 2016-09-15
 row in dataframe = 172
 formula = case_ ~ ndvi_end + vis_end +ndvi_end:vis_end + vis_start:vis_end +strata(step_id_)
 start time: 2022-01-07 11:23:49
SUCCESS at time: 2022-01-07 11:23:49
---

working on row 173
id = 1004001587;  date = 2016-09-16
 row in dataframe = 173
 formula = case_ ~ ndvi_end + vis_end +ndvi_end:vis_end + vis_start:vis_end +strata(step_id_)
 start time: 2022-01-07 11:23:49
SUCCESS at time: 2022-01-07 11:23:49
---

working on row 174
id = 1004001587;  date = 2016-09-17
 row in dataframe = 174
 formula = case_ ~ ndvi_end + vis_end +ndvi_end:vis_end + vis_start:vis_end +strata(step_id_)
 start time: 2022-01-07 11:23:49
SUCCESS at time: 2022-01-07 11:23:50
---

working on row 175
id = 1004001590;  date = 2016-09-21
 row in dataframe = 175
 formula = case_ ~ ndvi_end + vis_end +ndvi_end:vis_end + vis_start:vis_end +strata(step_id_)
 start time: 2022-01-07 11:23:50
SUCCESS at time: 2022-01-07 11:23:50
---

working on row 176
id = 1004001590;  date = 2016-09-22
 row in dataframe = 176
 formula = case_ ~ ndvi_end + vis_end +ndvi_end:vis_end + vis_start:vis_end +strata(step_id_)
 start time: 2022-01-07 11:23:50
SUCCESS at time: 2022-01-07 11:23:50
---

working on row 177
id = 1004001590;  date = 2016-09-23
 row in dataframe = 177
 formula = case_ ~ ndvi_end + vis_end +ndvi_end:vis_end + vis_start:vis_end +strata(step_id_)
 start time: 2022-01-07 11:23:50
SUCCESS at time: 2022-01-07 11:23:50
---

working on row 178
id = 1004001590;  date = 2016-09-24
 row in dataframe = 178
 formula = case_ ~ ndvi_end + vis_end +ndvi_end:vis_end + vis_start:vis_end +strata(step_id_)
 start time: 2022-01-07 11:23:50
SUCCESS at time: 2022-01-07 11:23:51
---

working on row 179
id = 1004001590;  date = 2016-09-25
 row in dataframe = 179
 formula = case_ ~ ndvi_end + vis_end +ndvi_end:vis_end + vis_start:vis_end +strata(step_id_)
 start time: 2022-01-07 11:23:51
SUCCESS at time: 2022-01-07 11:23:51
---

working on row 180
id = 1004001590;  date = 2016-09-26
 row in dataframe = 180
 formula = case_ ~ ndvi_end + vis_end +ndvi_end:vis_end + vis_start:vis_end +strata(step_id_)
 start time: 2022-01-07 11:23:51
SUCCESS at time: 2022-01-07 11:23:51
---

working on row 181
id = 1004001590;  date = 2016-09-27
 row in dataframe = 181
 formula = case_ ~ ndvi_end + vis_end +ndvi_end:vis_end + vis_start:vis_end +strata(step_id_)
 start time: 2022-01-07 11:23:51
SUCCESS at time: 2022-01-07 11:23:51
---

working on row 182
id = 1004001590;  date = 2016-09-28
 row in dataframe = 182
 formula = case_ ~ ndvi_end + vis_end +ndvi_end:vis_end + vis_start:vis_end +strata(step_id_)
 start time: 2022-01-07 11:23:51
SUCCESS at time: 2022-01-07 11:23:51
---

working on row 183
id = 1004001608;  date = 2016-09-21
 row in dataframe = 183
 formula = case_ ~ ndvi_end + vis_end +ndvi_end:vis_end + vis_start:vis_end +strata(step_id_)
 start time: 2022-01-07 11:23:51
SUCCESS at time: 2022-01-07 11:23:51
---

working on row 184
id = 1004001608;  date = 2016-09-22
 row in dataframe = 184
 formula = case_ ~ ndvi_end + vis_end +ndvi_end:vis_end + vis_start:vis_end +strata(step_id_)
 start time: 2022-01-07 11:23:51
SUCCESS at time: 2022-01-07 11:23:52
---

working on row 185
id = 1004001608;  date = 2016-09-23
 row in dataframe = 185
 formula = case_ ~ ndvi_end + vis_end +ndvi_end:vis_end + vis_start:vis_end +strata(step_id_)
 start time: 2022-01-07 11:23:52
SUCCESS at time: 2022-01-07 11:23:53
---

working on row 186
id = 1004001608;  date = 2016-09-24
 row in dataframe = 186
 formula = case_ ~ ndvi_end + vis_end +ndvi_end:vis_end + vis_start:vis_end +strata(step_id_)
 start time: 2022-01-07 11:23:53
SUCCESS at time: 2022-01-07 11:23:54
---

working on row 187
id = 1004001608;  date = 2016-09-25
 row in dataframe = 187
 formula = case_ ~ ndvi_end + vis_end +ndvi_end:vis_end + vis_start:vis_end +strata(step_id_)
 start time: 2022-01-07 11:23:54
SUCCESS at time: 2022-01-07 11:23:54
---

working on row 188
id = 1004001609;  date = 2016-09-23
 row in dataframe = 188
 formula = case_ ~ ndvi_end + vis_end +ndvi_end:vis_end + vis_start:vis_end +strata(step_id_)
 start time: 2022-01-07 11:23:54
SUCCESS at time: 2022-01-07 11:23:54
---

working on row 189
id = 1004001609;  date = 2016-09-24
 row in dataframe = 189
 formula = case_ ~ ndvi_end + vis_end +ndvi_end:vis_end + vis_start:vis_end +strata(step_id_)
 start time: 2022-01-07 11:23:54
SUCCESS at time: 2022-01-07 11:23:54
---

working on row 190
id = 1004001609;  date = 2016-09-25
 row in dataframe = 190
 formula = case_ ~ ndvi_end + vis_end +ndvi_end:vis_end + vis_start:vis_end +strata(step_id_)
 start time: 2022-01-07 11:23:54
SUCCESS at time: 2022-01-07 11:23:55
---

working on row 191
id = 1004001609;  date = 2016-09-26
 row in dataframe = 191
 formula = case_ ~ ndvi_end + vis_end +ndvi_end:vis_end + vis_start:vis_end +strata(step_id_)
 start time: 2022-01-07 11:23:55
SUCCESS at time: 2022-01-07 11:23:55
---

working on row 192
id = 1004001609;  date = 2016-09-27
 row in dataframe = 192
 formula = case_ ~ ndvi_end + vis_end +ndvi_end:vis_end + vis_start:vis_end +strata(step_id_)
 start time: 2022-01-07 11:23:55
SUCCESS at time: 2022-01-07 11:23:56
---

working on row 193
id = 1004001610;  date = 2016-09-24
 row in dataframe = 193
 formula = case_ ~ ndvi_end + vis_end +ndvi_end:vis_end + vis_start:vis_end +strata(step_id_)
 start time: 2022-01-07 11:23:56
SUCCESS at time: 2022-01-07 11:23:57
---

working on row 194
id = 1004001610;  date = 2016-09-25
 row in dataframe = 194
 formula = case_ ~ ndvi_end + vis_end +ndvi_end:vis_end + vis_start:vis_end +strata(step_id_)
 start time: 2022-01-07 11:23:57
SUCCESS at time: 2022-01-07 11:23:57
---

working on row 195
id = 1004001610;  date = 2016-09-26
 row in dataframe = 195
 formula = case_ ~ ndvi_end + vis_end +ndvi_end:vis_end + vis_start:vis_end +strata(step_id_)
 start time: 2022-01-07 11:23:57
SUCCESS at time: 2022-01-07 11:23:57
---

working on row 196
id = 1004001610;  date = 2016-09-28
 row in dataframe = 196
 formula = case_ ~ ndvi_end + vis_end +ndvi_end:vis_end + vis_start:vis_end +strata(step_id_)
 start time: 2022-01-07 11:23:57
SUCCESS at time: 2022-01-07 11:23:57
---

working on row 197
id = 1004001613;  date = 2016-09-27
 row in dataframe = 197
 formula = case_ ~ ndvi_end + vis_end +ndvi_end:vis_end + vis_start:vis_end +strata(step_id_)
 start time: 2022-01-07 11:23:57
SUCCESS at time: 2022-01-07 11:23:58
---

working on row 198
id = 1004001613;  date = 2016-09-28
 row in dataframe = 198
 formula = case_ ~ ndvi_end + vis_end +ndvi_end:vis_end + vis_start:vis_end +strata(step_id_)
 start time: 2022-01-07 11:23:58
SUCCESS at time: 2022-01-07 11:23:58
---

working on row 199
id = 1004001613;  date = 2016-09-29
 row in dataframe = 199
 formula = case_ ~ ndvi_end + vis_end +ndvi_end:vis_end + vis_start:vis_end +strata(step_id_)
 start time: 2022-01-07 11:23:58
SUCCESS at time: 2022-01-07 11:23:58
---

working on row 200
id = 1004001613;  date = 2016-09-30
 row in dataframe = 200
 formula = case_ ~ ndvi_end + vis_end +ndvi_end:vis_end + vis_start:vis_end +strata(step_id_)
 start time: 2022-01-07 11:23:58
SUCCESS at time: 2022-01-07 11:23:58
---

working on row 201
id = 1004001636;  date = 2016-09-27
 row in dataframe = 201
 formula = case_ ~ ndvi_end + vis_end +ndvi_end:vis_end + vis_start:vis_end +strata(step_id_)
 start time: 2022-01-07 11:23:58
SUCCESS at time: 2022-01-07 11:23:59
---

working on row 202
id = 1004001636;  date = 2016-09-28
 row in dataframe = 202
 formula = case_ ~ ndvi_end + vis_end +ndvi_end:vis_end + vis_start:vis_end +strata(step_id_)
 start time: 2022-01-07 11:23:59
SUCCESS at time: 2022-01-07 11:23:59
---

working on row 203
id = 1004001636;  date = 2016-09-29
 row in dataframe = 203
 formula = case_ ~ ndvi_end + vis_end +ndvi_end:vis_end + vis_start:vis_end +strata(step_id_)
 start time: 2022-01-07 11:23:59
SUCCESS at time: 2022-01-07 11:24:00
---

working on row 204
id = 1004001636;  date = 2016-09-30
 row in dataframe = 204
 formula = case_ ~ ndvi_end + vis_end +ndvi_end:vis_end + vis_start:vis_end +strata(step_id_)
 start time: 2022-01-07 11:24:00
SUCCESS at time: 2022-01-07 11:24:00
---

working on row 205
id = 1004001636;  date = 2016-10-01
 row in dataframe = 205
 formula = case_ ~ ndvi_end + vis_end +ndvi_end:vis_end + vis_start:vis_end +strata(step_id_)
 start time: 2022-01-07 11:24:00
SUCCESS at time: 2022-01-07 11:24:00
---

working on row 206
id = 1004001679;  date = 2016-10-15
 row in dataframe = 206
 formula = case_ ~ ndvi_end + vis_end +ndvi_end:vis_end + vis_start:vis_end +strata(step_id_)
 start time: 2022-01-07 11:24:00
SUCCESS at time: 2022-01-07 11:24:00
---

